TN:
SF:src\services\slices\burgerConstructor.ts
FN:18,addToBurgerConstructor
FN:28,swapIngredient
FN:50,deliteIngredient
FN:53,clearStateBurgerConstructor
FN:58,extraReducers
FN:60,selectorConstructorData
FNF:6
FNH:4
FNDA:4,addToBurgerConstructor
FNDA:1,swapIngredient
FNDA:1,deliteIngredient
FNDA:0,clearStateBurgerConstructor
FNDA:1,extraReducers
FNDA:0,selectorConstructorData
DA:1,1
DA:2,1
DA:3,1
DA:4,1
DA:5,1
DA:6,1
DA:7,1
DA:8,1
DA:9,1
DA:10,1
DA:11,1
DA:12,1
DA:13,1
DA:14,1
DA:15,1
DA:16,1
DA:17,1
DA:18,1
DA:19,4
DA:20,4
DA:21,4
DA:22,4
DA:23,2
DA:24,2
DA:25,2
DA:26,2
DA:27,1
DA:28,1
DA:29,1
DA:30,1
DA:31,1
DA:32,1
DA:33,1
DA:34,1
DA:35,1
DA:36,1
DA:37,1
DA:38,1
DA:39,1
DA:40,1
DA:41,1
DA:42,0
DA:43,0
DA:44,0
DA:45,0
DA:46,0
DA:47,0
DA:48,0
DA:49,1
DA:50,1
DA:51,1
DA:52,1
DA:53,1
DA:54,0
DA:55,0
DA:56,0
DA:57,1
DA:58,1
DA:59,1
DA:60,1
DA:61,1
DA:62,1
DA:63,1
DA:64,1
DA:65,1
DA:66,1
DA:67,1
DA:68,1
DA:69,1
DA:70,1
DA:71,1
LF:71
LH:61
BRDA:18,0,0,4
BRDA:22,1,0,2
BRDA:28,2,0,1
BRDA:41,3,0,0
BRDA:50,4,0,1
BRDA:58,5,0,1
BRF:6
BRH:5
end_of_record
